<?xml version="1.0" encoding="UTF-8"?>
<!-- Generated by org.testng.reporters.JUnitXMLReporter -->
<testsuite ignored="0" hostname="Fidas-MacBook-Pro.local" failures="2" tests="11" name="Surefire test" time="41.009" errors="0" timestamp="2020-04-25T04:13:06 EDT">
  <testcase classname="self.SpiceJet.OneWayTripWorkFlow.PaxPickerTest" name="pickPax" time="0.646">
    <failure type="org.openqa.selenium.ElementNotInteractableException" message="element not interactable: Element is not currently visible and may not be manipulated
  (Session info: chrome=81.0.4044.122)
Build info: version: &amp;apos;3.141.59&amp;apos;, revision: &amp;apos;e82be7d358&amp;apos;, time: &amp;apos;2018-11-14T08:17:03&amp;apos;
System info: host: &amp;apos;Fidas-MacBook-Pro.local&amp;apos;, ip: &amp;apos;fe80:0:0:0:8f9:59bb:58bc:c00d%en0&amp;apos;, os.name: &amp;apos;Mac OS X&amp;apos;, os.arch: &amp;apos;x86_64&amp;apos;, os.version: &amp;apos;10.13.6&amp;apos;, java.version: &amp;apos;14.0.1&amp;apos;
Driver info: org.openqa.selenium.chrome.ChromeDriver
Capabilities {acceptInsecureCerts: false, browserName: chrome, browserVersion: 81.0.4044.122, chrome: {chromedriverVersion: 81.0.4044.69 (6813546031a4b..., userDataDir: /var/folders/53/4297h68j7xd...}, goog:chromeOptions: {debuggerAddress: localhost:50529}, javascriptEnabled: true, networkConnectionEnabled: false, pageLoadStrategy: normal, platform: MAC, platformName: MAC, proxy: Proxy(), setWindowRect: true, strictFileInteractability: false, timeouts: {implicit: 0, pageLoad: 300000, script: 30000}, unhandledPromptBehavior: dismiss and notify, webauthn:virtualAuthenticators: true}
Session ID: cacbe0dc953c7a1a86a54204bb89fc18">
      <![CDATA[org.openqa.selenium.ElementNotInteractableException: element not interactable: Element is not currently visible and may not be manipulated
  (Session info: chrome=81.0.4044.122)
Build info: version: '3.141.59', revision: 'e82be7d358', time: '2018-11-14T08:17:03'
System info: host: 'Fidas-MacBook-Pro.local', ip: 'fe80:0:0:0:8f9:59bb:58bc:c00d%en0', os.name: 'Mac OS X', os.arch: 'x86_64', os.version: '10.13.6', java.version: '14.0.1'
Driver info: org.openqa.selenium.chrome.ChromeDriver
Capabilities {acceptInsecureCerts: false, browserName: chrome, browserVersion: 81.0.4044.122, chrome: {chromedriverVersion: 81.0.4044.69 (6813546031a4b..., userDataDir: /var/folders/53/4297h68j7xd...}, goog:chromeOptions: {debuggerAddress: localhost:50529}, javascriptEnabled: true, networkConnectionEnabled: false, pageLoadStrategy: normal, platform: MAC, platformName: MAC, proxy: Proxy(), setWindowRect: true, strictFileInteractability: false, timeouts: {implicit: 0, pageLoad: 300000, script: 30000}, unhandledPromptBehavior: dismiss and notify, webauthn:virtualAuthenticators: true}
Session ID: cacbe0dc953c7a1a86a54204bb89fc18
at org.openqa.selenium.remote.http.W3CHttpResponseCodec.createException(W3CHttpResponseCodec.java:187)
at org.openqa.selenium.remote.http.W3CHttpResponseCodec.decode(W3CHttpResponseCodec.java:122)
at org.openqa.selenium.remote.http.W3CHttpResponseCodec.decode(W3CHttpResponseCodec.java:49)
at org.openqa.selenium.remote.HttpCommandExecutor.execute(HttpCommandExecutor.java:158)
at org.openqa.selenium.remote.service.DriverCommandExecutor.execute(DriverCommandExecutor.java:83)
at org.openqa.selenium.remote.RemoteWebDriver.execute(RemoteWebDriver.java:552)
at org.openqa.selenium.remote.RemoteWebElement.execute(RemoteWebElement.java:285)
at org.openqa.selenium.remote.RemoteWebElement.click(RemoteWebElement.java:84)
at org.openqa.selenium.support.ui.Select.setSelected(Select.java:311)
at org.openqa.selenium.support.ui.Select.selectByVisibleText(Select.java:116)
at self.SpiceJet.FlightOptionClasses.PaxPicker.adultChildInfantNoPicker(PaxPicker.java:54)
at self.SpiceJet.OneWayTripWorkFlow.PaxPickerTest.pickPax(PaxPickerTest.java:11)
at java.base/java.util.ArrayList.forEach(ArrayList.java:1510)
... Removed 37 stack frames]]>
    </failure>
  </testcase> <!-- pickPax -->
  <testcase classname="self.SpiceJet.OneWayTripWorkFlow.DatePickerTest" name="openDepartDateBox" time="0.134"/>
  <testcase classname="self.SpiceJet.OneWayTripWorkFlow.DatePickerTest" name="selectDate" time="11.558">
    <failure type="org.openqa.selenium.NoSuchElementException" message="no such element: Unable to locate element: {&amp;quot;method&amp;quot;:&amp;quot;xpath&amp;quot;,&amp;quot;selector&amp;quot;:&amp;quot;//div[@id=&amp;apos;ui-datepicker-div&amp;apos;]//div[1]//div[1]//div[1]//span[1]&amp;quot;}
  (Session info: chrome=81.0.4044.122)
For documentation on this error, please visit: https://www.seleniumhq.org/exceptions/no_such_element.html
Build info: version: &amp;apos;3.141.59&amp;apos;, revision: &amp;apos;e82be7d358&amp;apos;, time: &amp;apos;2018-11-14T08:17:03&amp;apos;
System info: host: &amp;apos;Fidas-MacBook-Pro.local&amp;apos;, ip: &amp;apos;fe80:0:0:0:8f9:59bb:58bc:c00d%en0&amp;apos;, os.name: &amp;apos;Mac OS X&amp;apos;, os.arch: &amp;apos;x86_64&amp;apos;, os.version: &amp;apos;10.13.6&amp;apos;, java.version: &amp;apos;14.0.1&amp;apos;
Driver info: org.openqa.selenium.chrome.ChromeDriver
Capabilities {acceptInsecureCerts: false, browserName: chrome, browserVersion: 81.0.4044.122, chrome: {chromedriverVersion: 81.0.4044.69 (6813546031a4b..., userDataDir: /var/folders/53/4297h68j7xd...}, goog:chromeOptions: {debuggerAddress: localhost:50529}, javascriptEnabled: true, networkConnectionEnabled: false, pageLoadStrategy: normal, platform: MAC, platformName: MAC, proxy: Proxy(), setWindowRect: true, strictFileInteractability: false, timeouts: {implicit: 0, pageLoad: 300000, script: 30000}, unhandledPromptBehavior: dismiss and notify, webauthn:virtualAuthenticators: true}
Session ID: cacbe0dc953c7a1a86a54204bb89fc18
*** Element info: {Using=xpath, value=//div[@id=&amp;apos;ui-datepicker-div&amp;apos;]//div[1]//div[1]//div[1]//span[1]}">
      <![CDATA[org.openqa.selenium.NoSuchElementException: no such element: Unable to locate element: {"method":"xpath","selector":"//div[@id='ui-datepicker-div']//div[1]//div[1]//div[1]//span[1]"}
  (Session info: chrome=81.0.4044.122)
For documentation on this error, please visit: https://www.seleniumhq.org/exceptions/no_such_element.html
Build info: version: '3.141.59', revision: 'e82be7d358', time: '2018-11-14T08:17:03'
System info: host: 'Fidas-MacBook-Pro.local', ip: 'fe80:0:0:0:8f9:59bb:58bc:c00d%en0', os.name: 'Mac OS X', os.arch: 'x86_64', os.version: '10.13.6', java.version: '14.0.1'
Driver info: org.openqa.selenium.chrome.ChromeDriver
Capabilities {acceptInsecureCerts: false, browserName: chrome, browserVersion: 81.0.4044.122, chrome: {chromedriverVersion: 81.0.4044.69 (6813546031a4b..., userDataDir: /var/folders/53/4297h68j7xd...}, goog:chromeOptions: {debuggerAddress: localhost:50529}, javascriptEnabled: true, networkConnectionEnabled: false, pageLoadStrategy: normal, platform: MAC, platformName: MAC, proxy: Proxy(), setWindowRect: true, strictFileInteractability: false, timeouts: {implicit: 0, pageLoad: 300000, script: 30000}, unhandledPromptBehavior: dismiss and notify, webauthn:virtualAuthenticators: true}
Session ID: cacbe0dc953c7a1a86a54204bb89fc18
*** Element info: {Using=xpath, value=//div[@id='ui-datepicker-div']//div[1]//div[1]//div[1]//span[1]}
at org.openqa.selenium.remote.http.W3CHttpResponseCodec.createException(W3CHttpResponseCodec.java:187)
at org.openqa.selenium.remote.http.W3CHttpResponseCodec.decode(W3CHttpResponseCodec.java:122)
at org.openqa.selenium.remote.http.W3CHttpResponseCodec.decode(W3CHttpResponseCodec.java:49)
at org.openqa.selenium.remote.HttpCommandExecutor.execute(HttpCommandExecutor.java:158)
at org.openqa.selenium.remote.service.DriverCommandExecutor.execute(DriverCommandExecutor.java:83)
at org.openqa.selenium.remote.RemoteWebDriver.execute(RemoteWebDriver.java:552)
at org.openqa.selenium.remote.RemoteWebDriver.findElement(RemoteWebDriver.java:323)
at org.openqa.selenium.remote.RemoteWebDriver.findElementByXPath(RemoteWebDriver.java:428)
at org.openqa.selenium.By$ByXPath.findElement(By.java:353)
at org.openqa.selenium.remote.RemoteWebDriver.findElement(RemoteWebDriver.java:315)
at self.SpiceJet.FlightOptionClasses.DatePicker.departDate(DatePicker.java:53)
at self.SpiceJet.OneWayTripWorkFlow.DatePickerTest.selectDate(DatePickerTest.java:16)
at java.base/java.util.ArrayList.forEach(ArrayList.java:1510)
... Removed 37 stack frames]]>
    </failure>
  </testcase> <!-- selectDate -->
  <testcase classname="self.SpiceJet.OneWayTripWorkFlow.CityPickerTest" name="selectDepCity" time="0.453"/>
  <testcase classname="self.SpiceJet.OneWayTripWorkFlow.CityPickerTest" name="selectArrCity" time="0.279"/>
  <testcase classname="self.SpiceJet.OneWayTripWorkFlow.CurrencyPickerTest" name="pickCurrency" time="0.132"/>
  <testcase classname="self.SpiceJet.OneWayTripWorkFlow.SearchButtonTest" name="clickOnSearchButton" time="6.386"/>
  <testcase classname="self.SpiceJet.SignIn.SignInTest" name="signInUserName" time="0.932"/>
  <testcase classname="self.SpiceJet.SignIn.SignInTest" name="signInPassWord" time="0.162"/>
  <testcase classname="self.SpiceJet.SignIn.SignInTest" name="clickOnSubmitButton" time="12.262"/>
  <testcase classname="self.SpiceJet.SignIn.SignInTest" name="logOutCurrentUser" time="1.874"/>
</testsuite> <!-- Surefire test -->
